<?xml version="1.0" encoding="UTF-8"?>
<!-- Generated by org.testng.reporters.JUnitReportReporter -->
<testsuite hostname="TYSS-Chandana" failures="0" tests="1" name="Igp.ExistingUserJourney.SameDayDelivery" time="30.896" errors="0" timestamp="2022-09-06T15:17:29 IST" skipped="0">
  <testcase classname="Igp.ExistingUserJourney.SameDayDelivery" name="TC_01Test" time="30.896"/>
  <system-out>
    <![CDATA[Land to home page successfully
Selected black-forest-cake-half-kg
error messgae is displayed for entered pincode
Pincode Available messgae is displayed for entered pincode
Selected date from calender
Selected Required Delivery TYpe and Time
Selected and Deselected Candle
Product Added to cart
Entered Signup details
Entered Signup details
Entered personal message
coupon message is displayed successfully
Final amount is displayed successfully
User is redirected to Payments Tab successfully]]>
  </system-out>
</testsuite> <!-- Igp.ExistingUserJourney.SameDayDelivery -->
