<?xml version="1.0" encoding="UTF-8"?>
<!-- Generated by org.testng.reporters.JUnitReportReporter -->
<testsuite hostname="TYSS-Chandana" failures="0" tests="1" name="ExistingUserJourney.ExistingUserJourney" time="64.624" errors="0" timestamp="2022-09-05T14:40:45 IST" skipped="0">
  <testcase classname="ExistingUserJourney.ExistingUserJourney" name="TC_02Test" time="64.624"/>
  <system-out>
    <![CDATA[Land to home page successfully
Forever Love Personalized Wooden Jigsaw Heart Puzzle product is displayed
check button is displayed
error button is displayed with error message
available button is displayed
Selected delivery type is highlighted
Date is selected successfully
selected image is present successfully
upload page  is present successfully
My Files and web browser displayed successfully
Text and Url is present
croptted image and frame text is present
Uplaod Image iframe is appearsuccessfully
user is navigate to PDP on the selected product page successfully
EDIT PERSONALIZATION & ADD TO CART is displayed successfully
make it extra special text displayed successfully
selected addon successfully
CONTINUE WITH ADDONS (1)
CONTINUE WITH ADDONS(1) is displayed successfully
CONTINUE WITHOUT ADDONS button displayed successfully
shopping cart page Url is verified successfully
shopping cart page content is verified successfully
navigate to login page successfully
navigate to checkout page successfully
address form is appear successfully
address form is filled successfully
User Should Navigate to Order Summary Tab
Apply Changes text is change to Message Saved successfully
 Verify Order summary contents successfully
coupon message is displayed successfully
Final amount is displayed successfully
User is redirected to Payments Tab successfully
radio button selected successfully
successfully navigate to HDFC netbanking page]]>
  </system-out>
</testsuite> <!-- ExistingUserJourney.ExistingUserJourney -->
